<?xml version="1.0" encoding="UTF-8"?>
<testsuite name="com.looizao.domain.CategoryTest" tests="1" skipped="0" failures="0" errors="0" timestamp="2022-04-29T00:22:58" hostname="mbp.local" time="0.042">
  <properties/>
  <testcase name="testNewCategory()" classname="com.looizao.domain.CategoryTest" time="0.042"/>
  <system-out><![CDATA[]]></system-out>
  <system-err><![CDATA[]]></system-err>
</testsuite>
