<?xml version="1.0" encoding="UTF-8"?>
<testsuite name="com.looizao.application.UseCaseTest" tests="1" skipped="0" failures="0" errors="0" timestamp="2022-04-29T00:26:47" hostname="mbp.local" time="0.041">
  <properties/>
  <testcase name="testCreateUseCase()" classname="com.looizao.application.UseCaseTest" time="0.041"/>
  <system-out><![CDATA[]]></system-out>
  <system-err><![CDATA[]]></system-err>
</testsuite>
